<?xml version="1.0" encoding="UTF-8"?>
<Site BuildName="(empty)"
	BuildStamp="20221106-0446-Experimental"
	Name="MINI"
	Generator="ctest-3.22.1"
	CompilerName="/usr/bin/g++"
	CompilerVersion="11.3.0"
	OSName="Linux"
	Hostname="MINI"
	OSRelease="5.15.0-52-generic"
	OSVersion="#58-Ubuntu SMP Thu Oct 13 08:03:55 UTC 2022"
	OSPlatform="x86_64"
	Is64Bits="1"
	VendorString="GenuineIntel"
	VendorID="Intel Corporation"
	FamilyID="6"
	ModelID="156"
	ProcessorCacheSize="4096"
	NumberOfLogicalCPU="4"
	NumberOfPhysicalCPU="4"
	TotalVirtualMemory="2047"
	TotalPhysicalMemory="7727"
	LogicalProcessorsPerPhysical="1"
	ProcessorClockFrequency="2808.1"
	>
	<Testing>
		<StartDateTime>Nov 05 21:46 PDT</StartDateTime>
		<StartTestTime>1667709993</StartTestTime>
		<TestList/>
		<EndDateTime>Nov 05 21:46 PDT</EndDateTime>
		<EndTestTime>1667709993</EndTestTime>
		<ElapsedMinutes>0</ElapsedMinutes>
	</Testing>
</Site>
